2019-11-25T07:13:36+00:00 CRITICAL Uncaught Error: Call to undefined method WooCommerce::initialize_session() in /home/realts5/public_html/wp-content/plugins/woo-gutenberg-products-block/src/RestApi.php:54
Stack trace:
#0 /home/realts5/public_html/wp-includes/class-wp-hook.php(288): Automattic\WooCommerce\Blocks\RestApi::maybe_init_cart_session(NULL)
#1 /home/realts5/public_html/wp-includes/plugin.php(206): WP_Hook->apply_filters(NULL, Array)
#2 /home/realts5/public_html/wp-includes/rest-api/class-wp-rest-server.php(135): apply_filters('rest_authentica...', NULL)
#3 /home/realts5/public_html/wp-includes/rest-api/class-wp-rest-server.php(326): WP_REST_Server->check_authentication()
#4 /home/realts5/public_html/wp-includes/rest-api.php(305): WP_REST_Server->serve_request('/jetpack/v4/jit...')
#5 /home/realts5/public_html/wp-includes/class-wp-hook.php(288): rest_api_loaded(Object(WP))
#6 /home/realts5/public_html/wp-includes/class-wp-hook.php(312): WP_Hook->apply_filters(NULL, Array)
#7 /home/realts5/public_html/wp-includes/plugin.php(544): WP_Ho in /home/realts5/public_html/wp-content/plugins/woo-gutenberg-products-block/src/RestApi.php on line 54

2019-11-25T07:13:36+00:00 CRITICAL Uncaught Error: Call to undefined method WooCommerce::initialize_session() in /home/realts5/public_html/wp-content/plugins/woo-gutenberg-products-block/src/RestApi.php:54
Stack trace:
#0 /home/realts5/public_html/wp-includes/class-wp-hook.php(288): Automattic\WooCommerce\Blocks\RestApi::maybe_init_cart_session(NULL)
#1 /home/realts5/public_html/wp-includes/plugin.php(206): WP_Hook->apply_filters(NULL, Array)
#2 /home/realts5/public_html/wp-includes/rest-api/class-wp-rest-server.php(135): apply_filters('rest_authentica...', NULL)
#3 /home/realts5/public_html/wp-includes/rest-api/class-wp-rest-server.php(326): WP_REST_Server->check_authentication()
#4 /home/realts5/public_html/wp-includes/rest-api.php(305): WP_REST_Server->serve_request('/jetpack/v4/jit...')
#5 /home/realts5/public_html/wp-includes/class-wp-hook.php(288): rest_api_loaded(Object(WP))
#6 /home/realts5/public_html/wp-includes/class-wp-hook.php(312): WP_Hook->apply_filters(NULL, Array)
#7 /home/realts5/public_html/wp-includes/plugin.php(544): WP_Ho in /home/realts5/public_html/wp-content/plugins/woo-gutenberg-products-block/src/RestApi.php on line 54

2019-11-25T07:13:58+00:00 CRITICAL Uncaught Error: Call to undefined method WooCommerce::initialize_session() in /home/realts5/public_html/wp-content/plugins/woo-gutenberg-products-block/src/RestApi.php:54
Stack trace:
#0 /home/realts5/public_html/wp-includes/class-wp-hook.php(288): Automattic\WooCommerce\Blocks\RestApi::maybe_init_cart_session(NULL)
#1 /home/realts5/public_html/wp-includes/plugin.php(206): WP_Hook->apply_filters(NULL, Array)
#2 /home/realts5/public_html/wp-includes/rest-api/class-wp-rest-server.php(135): apply_filters('rest_authentica...', NULL)
#3 /home/realts5/public_html/wp-includes/rest-api/class-wp-rest-server.php(326): WP_REST_Server->check_authentication()
#4 /home/realts5/public_html/wp-includes/rest-api.php(305): WP_REST_Server->serve_request('/jetpack/v4/jit...')
#5 /home/realts5/public_html/wp-includes/class-wp-hook.php(288): rest_api_loaded(Object(WP))
#6 /home/realts5/public_html/wp-includes/class-wp-hook.php(312): WP_Hook->apply_filters(NULL, Array)
#7 /home/realts5/public_html/wp-includes/plugin.php(544): WP_Ho in /home/realts5/public_html/wp-content/plugins/woo-gutenberg-products-block/src/RestApi.php on line 54

2019-11-25T07:16:50+00:00 CRITICAL Uncaught Error: Call to undefined method WooCommerce::initialize_session() in /home/realts5/public_html/wp-content/plugins/woo-gutenberg-products-block/src/RestApi.php:54
Stack trace:
#0 /home/realts5/public_html/wp-includes/class-wp-hook.php(288): Automattic\WooCommerce\Blocks\RestApi::maybe_init_cart_session(NULL)
#1 /home/realts5/public_html/wp-includes/plugin.php(206): WP_Hook->apply_filters(NULL, Array)
#2 /home/realts5/public_html/wp-includes/rest-api/class-wp-rest-server.php(135): apply_filters('rest_authentica...', NULL)
#3 /home/realts5/public_html/wp-includes/rest-api/class-wp-rest-server.php(326): WP_REST_Server->check_authentication()
#4 /home/realts5/public_html/wp-includes/rest-api.php(305): WP_REST_Server->serve_request('/wp/v2/users/me')
#5 /home/realts5/public_html/wp-includes/class-wp-hook.php(288): rest_api_loaded(Object(WP))
#6 /home/realts5/public_html/wp-includes/class-wp-hook.php(312): WP_Hook->apply_filters(NULL, Array)
#7 /home/realts5/public_html/wp-includes/plugin.php(544): WP_Hook- in /home/realts5/public_html/wp-content/plugins/woo-gutenberg-products-block/src/RestApi.php on line 54

2019-11-25T07:16:50+00:00 CRITICAL Uncaught Error: Call to undefined method WooCommerce::initialize_session() in /home/realts5/public_html/wp-content/plugins/woo-gutenberg-products-block/src/RestApi.php:54
Stack trace:
#0 /home/realts5/public_html/wp-includes/class-wp-hook.php(288): Automattic\WooCommerce\Blocks\RestApi::maybe_init_cart_session(NULL)
#1 /home/realts5/public_html/wp-includes/plugin.php(206): WP_Hook->apply_filters(NULL, Array)
#2 /home/realts5/public_html/wp-includes/rest-api/class-wp-rest-server.php(135): apply_filters('rest_authentica...', NULL)
#3 /home/realts5/public_html/wp-includes/rest-api/class-wp-rest-server.php(326): WP_REST_Server->check_authentication()
#4 /home/realts5/public_html/wp-includes/rest-api.php(305): WP_REST_Server->serve_request('/wp/v2/users')
#5 /home/realts5/public_html/wp-includes/class-wp-hook.php(288): rest_api_loaded(Object(WP))
#6 /home/realts5/public_html/wp-includes/class-wp-hook.php(312): WP_Hook->apply_filters(NULL, Array)
#7 /home/realts5/public_html/wp-includes/plugin.php(544): WP_Hook->do in /home/realts5/public_html/wp-content/plugins/woo-gutenberg-products-block/src/RestApi.php on line 54

2019-11-25T07:16:51+00:00 CRITICAL Uncaught Error: Call to undefined method WooCommerce::initialize_session() in /home/realts5/public_html/wp-content/plugins/woo-gutenberg-products-block/src/RestApi.php:54
Stack trace:
#0 /home/realts5/public_html/wp-includes/class-wp-hook.php(288): Automattic\WooCommerce\Blocks\RestApi::maybe_init_cart_session(NULL)
#1 /home/realts5/public_html/wp-includes/plugin.php(206): WP_Hook->apply_filters(NULL, Array)
#2 /home/realts5/public_html/wp-includes/rest-api/class-wp-rest-server.php(135): apply_filters('rest_authentica...', NULL)
#3 /home/realts5/public_html/wp-includes/rest-api/class-wp-rest-server.php(326): WP_REST_Server->check_authentication()
#4 /home/realts5/public_html/wp-includes/rest-api.php(305): WP_REST_Server->serve_request('/wp/v2/pages')
#5 /home/realts5/public_html/wp-includes/class-wp-hook.php(288): rest_api_loaded(Object(WP))
#6 /home/realts5/public_html/wp-includes/class-wp-hook.php(312): WP_Hook->apply_filters(NULL, Array)
#7 /home/realts5/public_html/wp-includes/plugin.php(544): WP_Hook->do in /home/realts5/public_html/wp-content/plugins/woo-gutenberg-products-block/src/RestApi.php on line 54

2019-11-25T07:16:51+00:00 CRITICAL Uncaught Error: Call to undefined method WooCommerce::initialize_session() in /home/realts5/public_html/wp-content/plugins/woo-gutenberg-products-block/src/RestApi.php:54
Stack trace:
#0 /home/realts5/public_html/wp-includes/class-wp-hook.php(288): Automattic\WooCommerce\Blocks\RestApi::maybe_init_cart_session(NULL)
#1 /home/realts5/public_html/wp-includes/plugin.php(206): WP_Hook->apply_filters(NULL, Array)
#2 /home/realts5/public_html/wp-includes/rest-api/class-wp-rest-server.php(135): apply_filters('rest_authentica...', NULL)
#3 /home/realts5/public_html/wp-includes/rest-api/class-wp-rest-server.php(326): WP_REST_Server->check_authentication()
#4 /home/realts5/public_html/wp-includes/rest-api.php(305): WP_REST_Server->serve_request('/wp/v2/taxonomi...')
#5 /home/realts5/public_html/wp-includes/class-wp-hook.php(288): rest_api_loaded(Object(WP))
#6 /home/realts5/public_html/wp-includes/class-wp-hook.php(312): WP_Hook->apply_filters(NULL, Array)
#7 /home/realts5/public_html/wp-includes/plugin.php(544): WP_Ho in /home/realts5/public_html/wp-content/plugins/woo-gutenberg-products-block/src/RestApi.php on line 54

2019-11-25T07:16:52+00:00 CRITICAL Uncaught Error: Call to undefined method WooCommerce::initialize_session() in /home/realts5/public_html/wp-content/plugins/woo-gutenberg-products-block/src/RestApi.php:54
Stack trace:
#0 /home/realts5/public_html/wp-includes/class-wp-hook.php(288): Automattic\WooCommerce\Blocks\RestApi::maybe_init_cart_session(NULL)
#1 /home/realts5/public_html/wp-includes/plugin.php(206): WP_Hook->apply_filters(NULL, Array)
#2 /home/realts5/public_html/wp-includes/rest-api/class-wp-rest-server.php(135): apply_filters('rest_authentica...', NULL)
#3 /home/realts5/public_html/wp-includes/rest-api/class-wp-rest-server.php(326): WP_REST_Server->check_authentication()
#4 /home/realts5/public_html/wp-includes/rest-api.php(305): WP_REST_Server->serve_request('/jetpack/v4/jit...')
#5 /home/realts5/public_html/wp-includes/class-wp-hook.php(288): rest_api_loaded(Object(WP))
#6 /home/realts5/public_html/wp-includes/class-wp-hook.php(312): WP_Hook->apply_filters(NULL, Array)
#7 /home/realts5/public_html/wp-includes/plugin.php(544): WP_Ho in /home/realts5/public_html/wp-content/plugins/woo-gutenberg-products-block/src/RestApi.php on line 54

2019-11-25T07:17:07+00:00 CRITICAL Uncaught Error: Call to undefined method WooCommerce::initialize_session() in /home/realts5/public_html/wp-content/plugins/woo-gutenberg-products-block/src/RestApi.php:54
Stack trace:
#0 /home/realts5/public_html/wp-includes/class-wp-hook.php(288): Automattic\WooCommerce\Blocks\RestApi::maybe_init_cart_session(NULL)
#1 /home/realts5/public_html/wp-includes/plugin.php(206): WP_Hook->apply_filters(NULL, Array)
#2 /home/realts5/public_html/wp-includes/rest-api/class-wp-rest-server.php(135): apply_filters('rest_authentica...', NULL)
#3 /home/realts5/public_html/wp-includes/rest-api/class-wp-rest-server.php(326): WP_REST_Server->check_authentication()
#4 /home/realts5/public_html/wp-includes/rest-api.php(305): WP_REST_Server->serve_request('/jetpack/v4/jit...')
#5 /home/realts5/public_html/wp-includes/class-wp-hook.php(288): rest_api_loaded(Object(WP))
#6 /home/realts5/public_html/wp-includes/class-wp-hook.php(312): WP_Hook->apply_filters(NULL, Array)
#7 /home/realts5/public_html/wp-includes/plugin.php(544): WP_Ho in /home/realts5/public_html/wp-content/plugins/woo-gutenberg-products-block/src/RestApi.php on line 54

2019-11-25T07:19:47+00:00 CRITICAL require_once(): Failed opening required '/home/realts5/public_html/wp-content/plugins/jetpack/sync/class.jetpack-sync-sender.php' (include_path='.:/usr/lib/php:/usr/local/lib/php') in /home/realts5/public_html/wp-content/plugins/jetpack/sync/class.jetpack-sync-actions.php on line 291

2019-11-25T07:19:48+00:00 CRITICAL require_once(): Failed opening required '/home/realts5/public_html/wp-content/plugins/jetpack/sync/class.jetpack-sync-sender.php' (include_path='.:/usr/lib/php:/usr/local/lib/php') in /home/realts5/public_html/wp-content/plugins/jetpack/sync/class.jetpack-sync-actions.php on line 291

2019-11-25T07:19:48+00:00 CRITICAL require_once(): Failed opening required '/home/realts5/public_html/wp-content/plugins/jetpack/sync/class.jetpack-sync-sender.php' (include_path='.:/usr/lib/php:/usr/local/lib/php') in /home/realts5/public_html/wp-content/plugins/jetpack/sync/class.jetpack-sync-actions.php on line 291

